<?xml version="1.0" encoding="UTF-8"?>
<persistence version="2.0" xmlns="http://java.sun.com/xml/ns/persistence"
    xmlns:xsi="http://www.w3.org/2001/XMLSchema-instance"
    xsi:schemaLocation="
        http://java.sun.com/xml/ns/persistence
        http://java.sun.com/xml/ns/persistence/persistence_2_0.xsd">
    <persistence-unit name="exceptionsPU">
        <jta-data-source>jdbc/arquillian</jta-data-source>
        
        <class>cz.muni.exceptions.listener.db.model.Ticket</class>
        <class>cz.muni.exceptions.listener.db.model.TicketOccurence</class>

        <exclude-unlisted-classes>true</exclude-unlisted-classes>

        <properties>
          <property name="hibernate.hbm2ddl.auto" value="create-drop"/>
          <property name="hibernate.show_sql" value="true"/>
          <property name="hibernate.format_sql" value="true"/>

          <property name="hibernate.listeners.envers.autoRegister" value="false"/>
          <property name="javax.persistence.validation.mode" value="none"/>
        </properties>
    </persistence-unit>
</persistence>
